make -k clean 
/usr/local/bin/idlc  -rebuild -cp ../MMOEngine/include -sd src anyadEclipse
compiling 'server/zone/Zone.idl'
compiling 'server/zone/ZoneProcessServer.idl'
compiling 'server/zone/ZoneClientSession.idl'
compiling 'server/zone/ZoneServer.idl'
compiling 'server/zone/managers/ZoneManager.idl'
compiling 'server/zone/managers/player/PlayerManager.idl'
compiling 'server/zone/managers/loot/LootManager.idl'
compiling 'server/zone/managers/planet/PlanetManager.idl'
compiling 'server/zone/managers/mission/MissionManager.idl'
compiling 'server/zone/managers/radial/RadialManager.idl'
compiling 'server/zone/managers/resource/ResourceManager.idl'
compiling 'server/zone/managers/director/ScreenPlayObserver.idl'
compiling 'server/zone/managers/objectcontroller/ObjectController.idl'
compiling 'server/zone/managers/guild/GuildManager.idl'
compiling 'server/zone/managers/gcw/GCWManager.idl'
compiling 'server/zone/managers/city/CityManager.idl'
compiling 'server/zone/managers/creature/LairObserver.idl'
compiling 'server/zone/managers/creature/CreatureManager.idl'
compiling 'server/zone/managers/crafting/CraftingManager.idl'
compiling 'server/zone/managers/minigames/FishingSession.idl'
compiling 'server/zone/managers/minigames/GamblingManager.idl'
compiling 'server/zone/managers/minigames/ForageManager.idl'
compiling 'server/zone/managers/minigames/FishingManager.idl'
compiling 'server/zone/managers/auction/AuctionsMap.idl'
compiling 'server/zone/managers/auction/AuctionManager.idl'
compiling 'server/zone/managers/weather/WeatherManager.idl'
compiling 'server/zone/objects/group/GroupObject.idl'
compiling 'server/zone/objects/region/Region.idl'
compiling 'server/zone/objects/region/CityRegion.idl'
compiling 'server/zone/objects/cell/CellObject.idl'
compiling 'server/zone/objects/player/PlayerObject.idl'
compiling 'server/zone/objects/player/EntertainingObserver.idl'
compiling 'server/zone/objects/player/sessions/TrainerConversationSession.idl'
compiling 'server/zone/objects/player/sessions/StructureStatusSession.idl'
compiling 'server/zone/objects/player/sessions/CityRemoveMilitiaSession.idl'
compiling 'server/zone/objects/player/sessions/ImageDesignPositionObserver.idl'
compiling 'server/zone/objects/player/sessions/FindSession.idl'
compiling 'server/zone/objects/player/sessions/MigrateStatsSession.idl'
compiling 'server/zone/objects/player/sessions/CitySpecializationSession.idl'
compiling 'server/zone/objects/player/sessions/SlicingSession.idl'
compiling 'server/zone/objects/player/sessions/TradeSession.idl'
compiling 'server/zone/objects/player/sessions/EntertainingSession.idl'
compiling 'server/zone/objects/player/sessions/PlaceStructureSession.idl'
compiling 'server/zone/objects/player/sessions/DestroyStructureSession.idl'
compiling 'server/zone/objects/player/sessions/CityTreasuryWithdrawalSession.idl'
compiling 'server/zone/objects/player/sessions/StructureSetAccessFeeSession.idl'
compiling 'server/zone/objects/player/sessions/ImageDesignSession.idl'
compiling 'server/zone/objects/player/sessions/ConversationSession.idl'
compiling 'server/zone/objects/player/sessions/admin/PlayerManagementSession.idl'
compiling 'server/zone/objects/player/sessions/crafting/CraftingSession.idl'
compiling 'server/zone/objects/player/sessions/vendor/VendorAdBarkingSession.idl'
compiling 'server/zone/objects/player/sessions/vendor/CreateVendorSession.idl'
compiling 'server/zone/objects/player/sessions/survey/SurveySession.idl'
compiling 'server/zone/objects/player/sui/SuiBox.idl'
compiling 'server/zone/objects/player/sui/inputbox/SuiInputBox.idl'
compiling 'server/zone/objects/player/sui/messagebox/SuiMessageBox.idl'
compiling 'server/zone/objects/player/sui/listbox/SuiListBoxMenuItem.idl'
compiling 'server/zone/objects/player/sui/listbox/SuiListBox.idl'
compiling 'server/zone/objects/player/sui/banktransferbox/SuiBankTransferBox.idl'
compiling 'server/zone/objects/player/sui/colorbox/SuiColorBox.idl'
compiling 'server/zone/objects/player/sui/transferbox/SuiTransferBox.idl'
compiling 'server/zone/objects/player/sui/keypadbox/SuiKeypadBox.idl'
compiling 'server/zone/objects/player/sui/characterbuilderbox/SuiCharacterBuilderBox.idl'
compiling 'server/zone/objects/player/sui/slotmachinebox/SuiSlotMachineBox.idl'
compiling 'server/zone/objects/ship/SpaceStationObject.idl'
compiling 'server/zone/objects/ship/FighterShipObject.idl'
compiling 'server/zone/objects/ship/ShipObject.idl'
compiling 'server/zone/objects/mission/HuntingMissionObjective.idl'
compiling 'server/zone/objects/mission/ReconMissionObjective.idl'
compiling 'server/zone/objects/mission/MissionObject.idl'
compiling 'server/zone/objects/mission/DeliverMissionObjective.idl'
compiling 'server/zone/objects/mission/CraftingMissionObjective.idl'
compiling 'server/zone/objects/mission/BountyMissionObjective.idl'
compiling 'server/zone/objects/mission/MissionObserver.idl'
compiling 'server/zone/objects/mission/EntertainerMissionObjective.idl'
compiling 'server/zone/objects/mission/SurveyMissionObjective.idl'
compiling 'server/zone/objects/mission/MissionObjective.idl'
compiling 'server/zone/objects/mission/DestroyMissionObjective.idl'
compiling 'server/zone/objects/draftschematic/DraftSchematic.idl'
compiling 'server/zone/objects/installation/InstallationObject.idl'
compiling 'server/zone/objects/installation/shuttle/ShuttleInstallation.idl'
compiling 'server/zone/objects/installation/harvester/HarvesterObject.idl'
compiling 'server/zone/objects/installation/garage/GarageInstallation.idl'
compiling 'server/zone/objects/installation/components/TurretObserver.idl'
compiling 'server/zone/objects/installation/factory/FactoryHopperObserver.idl'
compiling 'server/zone/objects/installation/factory/FactoryObject.idl'
compiling 'server/zone/objects/installation/generator/GeneratorObject.idl'
compiling 'server/zone/objects/scene/SceneObject.idl'
compiling 'server/zone/objects/building/BuildingObject.idl'
compiling 'server/zone/objects/building/hospital/HospitalBuildingObject.idl'
compiling 'server/zone/objects/building/tutorial/TutorialBuildingObject.idl'
compiling 'server/zone/objects/building/travel/TravelBuildingObject.idl'
compiling 'server/zone/objects/building/recreation/RecreationBuildingObject.idl'
compiling 'server/zone/objects/resource/ResourceSpawn.idl'
compiling 'server/zone/objects/resource/ResourceContainer.idl'
compiling 'server/zone/objects/area/FsVillageArea.idl'
compiling 'server/zone/objects/area/MissionReconActiveArea.idl'
compiling 'server/zone/objects/area/CampSiteObserver.idl'
compiling 'server/zone/objects/area/LairSpawnArea.idl'
compiling 'server/zone/objects/area/SpawnArea.idl'
compiling 'server/zone/objects/area/BadgeActiveArea.idl'
compiling 'server/zone/objects/area/ActiveArea.idl'
compiling 'server/zone/objects/area/SpawnObserver.idl'
compiling 'server/zone/objects/area/GarageArea.idl'
compiling 'server/zone/objects/area/MissionSpawnActiveArea.idl'
compiling 'server/zone/objects/area/StaticSpawnArea.idl'
compiling 'server/zone/objects/area/DynamicSpawnArea.idl'
compiling 'server/zone/objects/area/CampSiteActiveArea.idl'
compiling 'server/zone/objects/area/areashapes/AreaShape.idl'
compiling 'server/zone/objects/area/areashapes/RectangularAreaShape.idl'
compiling 'server/zone/objects/area/areashapes/CircularAreaShape.idl'
compiling 'server/zone/objects/waypoint/WaypointObject.idl'
compiling 'server/zone/objects/factorycrate/FactoryCrate.idl'
compiling 'server/zone/objects/tangible/InstrumentObserver.idl'
compiling 'server/zone/objects/tangible/Instrument.idl'
compiling 'server/zone/objects/tangible/Container.idl'
compiling 'server/zone/objects/tangible/TangibleObject.idl'
compiling 'server/zone/objects/tangible/deed/Deed.idl'
compiling 'server/zone/objects/tangible/deed/resource/ResourceDeed.idl'
compiling 'server/zone/objects/tangible/deed/vehicle/VehicleDeed.idl'
compiling 'server/zone/objects/tangible/deed/structure/StructureDeed.idl'
compiling 'server/zone/objects/tangible/terminal/Terminal.idl'
compiling 'server/zone/objects/tangible/terminal/mission/MissionTerminal.idl'
compiling 'server/zone/objects/tangible/terminal/travel/TravelTerminal.idl'
compiling 'server/zone/objects/tangible/terminal/guild/GuildTerminal.idl'
compiling 'server/zone/objects/tangible/terminal/characterbuilder/CharacterBuilderTerminal.idl'
compiling 'server/zone/objects/tangible/terminal/startinglocation/StartingLocationTerminal.idl'
compiling 'server/zone/objects/tangible/terminal/spaceship/SpaceshipTerminal.idl'
compiling 'server/zone/objects/tangible/terminal/ticketcollector/TicketCollector.idl'
compiling 'server/zone/objects/tangible/terminal/gambling/GamblingTerminal.idl'
compiling 'server/zone/objects/tangible/loot/LootkitObject.idl'
compiling 'server/zone/objects/tangible/threat/ThreatMapObserver.idl'
compiling 'server/zone/objects/tangible/wearables/RobeObject.idl'
compiling 'server/zone/objects/tangible/wearables/PsgArmorObject.idl'
compiling 'server/zone/objects/tangible/wearables/ArmorObject.idl'
compiling 'server/zone/objects/tangible/wearables/ClothingObject.idl'
compiling 'server/zone/objects/tangible/wearables/WearableContainerObject.idl'
compiling 'server/zone/objects/tangible/wearables/WearableObject.idl'
compiling 'server/zone/objects/tangible/powerup/PowerupObject.idl'
compiling 'server/zone/objects/tangible/firework/FireworkObject.idl'
compiling 'server/zone/objects/tangible/consumable/Consumable.idl'
compiling 'server/zone/objects/tangible/consumable/DelayedBuffObserver.idl'
compiling 'server/zone/objects/tangible/consumable/Food.idl'
compiling 'server/zone/objects/tangible/consumable/Drink.idl'
compiling 'server/zone/objects/tangible/attachment/Attachment.idl'
compiling 'server/zone/objects/tangible/sign/SignObject.idl'
compiling 'server/zone/objects/tangible/tool/SurveyTool.idl'
compiling 'server/zone/objects/tangible/tool/CraftingStation.idl'
compiling 'server/zone/objects/tangible/tool/ToolTangibleObject.idl'
compiling 'server/zone/objects/tangible/tool/CraftingTool.idl'
compiling 'server/zone/objects/tangible/tool/smuggler/PrecisionLaserKnife.idl'
compiling 'server/zone/objects/tangible/tool/smuggler/SlicingTool.idl'
compiling 'server/zone/objects/tangible/tool/recycle/RecycleTool.idl'
compiling 'server/zone/objects/tangible/tool/repair/RepairTool.idl'
compiling 'server/zone/objects/tangible/fishing/FishingBaitObject.idl'
compiling 'server/zone/objects/tangible/fishing/FishingPoleObject.idl'
compiling 'server/zone/objects/tangible/fishing/FishObject.idl'
compiling 'server/zone/objects/tangible/pharmaceutical/CurePack.idl'
compiling 'server/zone/objects/tangible/pharmaceutical/StimPack.idl'
compiling 'server/zone/objects/tangible/pharmaceutical/WoundPack.idl'
compiling 'server/zone/objects/tangible/pharmaceutical/PharmaceuticalObject.idl'
compiling 'server/zone/objects/tangible/pharmaceutical/RevivePack.idl'
compiling 'server/zone/objects/tangible/pharmaceutical/EnhancePack.idl'
compiling 'server/zone/objects/tangible/pharmaceutical/StatePack.idl'
compiling 'server/zone/objects/tangible/pharmaceutical/DotPack.idl'
compiling 'server/zone/objects/tangible/pharmaceutical/RangedStimPack.idl'
compiling 'server/zone/objects/tangible/component/Component.idl'
compiling 'server/zone/objects/tangible/component/lightsaber/LightsaberCrystalComponent.idl'
compiling 'server/zone/objects/tangible/component/armor/ArmorComponent.idl'
compiling 'server/zone/objects/tangible/ticket/TicketObject.idl'
compiling 'server/zone/objects/tangible/weapon/WeaponObject.idl'
compiling 'server/zone/objects/guild/GuildObject.idl'
compiling 'server/zone/objects/creature/NonPlayerCreatureObject.idl'
compiling 'server/zone/objects/creature/CreatureObject.idl'
compiling 'server/zone/objects/creature/Creature.idl'
compiling 'server/zone/objects/creature/VehicleObject.idl'
compiling 'server/zone/objects/creature/AiAgent.idl'
compiling 'server/zone/objects/creature/conversation/InformantMissionConversationObserver.idl'
compiling 'server/zone/objects/creature/conversation/DeliverMissionConversationObserver.idl'
compiling 'server/zone/objects/creature/conversation/ConversationObserver.idl'
compiling 'server/zone/objects/creature/conversation/LuaConversationObserver.idl'
compiling 'server/zone/objects/creature/conversation/TrainerConversationObserver.idl'
compiling 'server/zone/objects/creature/aigroup/AiGroupObserver.idl'
compiling 'server/zone/objects/creature/aigroup/HerdGroup.idl'
compiling 'server/zone/objects/creature/aigroup/PackGroup.idl'
compiling 'server/zone/objects/creature/aigroup/AiGroup.idl'
compiling 'server/zone/objects/creature/aigroup/LairGroup.idl'
compiling 'server/zone/objects/creature/buffs/DelayedBuff.idl'
compiling 'server/zone/objects/creature/buffs/DurationBuff.idl'
compiling 'server/zone/objects/creature/buffs/PowerBoostBuff.idl'
compiling 'server/zone/objects/creature/buffs/SingleUseBuff.idl'
compiling 'server/zone/objects/creature/buffs/StateBuff.idl'
compiling 'server/zone/objects/creature/buffs/Buff.idl'
compiling 'server/zone/objects/creature/buffs/SpiceBuff.idl'
compiling 'server/zone/objects/creature/buffs/SpiceDownerBuff.idl'
compiling 'server/zone/objects/creature/buffs/PerformanceBuff.idl'
compiling 'server/zone/objects/creature/buffs/SingleUseBuffObserver.idl'
compiling 'server/zone/objects/creature/ai/AiActor.idl'
compiling 'server/zone/objects/creature/junkdealer/JunkdealerCreature.idl'
compiling 'server/zone/objects/manufactureschematic/ManufactureSchematic.idl'
compiling 'server/zone/objects/structure/StructureObject.idl'
compiling 'server/zone/objects/auction/AuctionItem.idl'
compiling 'server/zone/objects/staticobject/StaticObject.idl'
compiling 'server/zone/objects/intangible/IntangibleObject.idl'
compiling 'server/zone/objects/intangible/ControlDevice.idl'
compiling 'server/zone/objects/intangible/VehicleControlDevice.idl'
compiling 'server/zone/objects/intangible/VehicleControlObserver.idl'
compiling 'server/zone/objects/intangible/ShipControlDevice.idl'
compiling 'server/login/LoginServer.idl'
compiling 'server/login/account/Account.idl'
compiling 'server/chat/ChatManager.idl'
compiling 'server/chat/ChatMessage.idl'
compiling 'server/chat/PersistentMessage.idl'
compiling 'server/chat/room/ChatRoom.idl'
cd build/unix && make clean
/home/swgemu/workspace/MMOCoreORB/build/unix
make[1]: Entering directory `/home/swgemu/workspace/Core3/MMOCoreORB/build/unix'
Making clean in src/client
make[2]: Entering directory `/home/swgemu/workspace/Core3/MMOCoreORB/build/unix/src/client'
test -z "core3client" || rm -f core3client
rm -f *.o
rm -f login/LoginClient.o
rm -f login/LoginPacketHandler.o
rm -f login/LoginSession.o
rm -f zone/Zone.o
rm -f zone/ZoneClient.o
rm -f zone/ZoneClientThread.o
rm -f zone/ZonePacketHandler.o
rm -f zone/managers/object/ObjectManager.o
rm -f zone/managers/objectcontroller/ObjectController.o
rm -f zone/objects/creature/CreatureObject.o
rm -f zone/objects/intangible/IntangibleObject.o
rm -f zone/objects/player/PlayerCreature.o
rm -f zone/objects/player/PlayerObject.o
rm -f zone/objects/scene/SceneObject.o
rm -f zone/objects/scene/variables/StringId.o
rm -f zone/objects/tangible/TangibleObject.o
make[2]: Leaving directory `/home/swgemu/workspace/Core3/MMOCoreORB/build/unix/src/client'
Making clean in src
make[2]: Entering directory `/home/swgemu/workspace/Core3/MMOCoreORB/build/unix/src'
test -z "core3" || rm -f core3
rm -f *.o
rm -f server/ServerCore.o
rm -f server/chat/ChatManager.o
rm -f server/chat/ChatManagerImplementation.o
rm -f server/chat/ChatMessage.o
rm -f server/chat/ChatParameter.o
rm -f server/chat/PersistentMessage.o
rm -f server/chat/PersistentMessageImplementation.o
rm -f server/chat/StringIdChatParameter.o
rm -f server/chat/WaypointChatParameter.o
rm -f server/chat/room/ChatRoom.o
rm -f server/chat/room/ChatRoomImplementation.o
rm -f server/conf/ConfigManager.o
rm -f server/db/MantisDatabase.o
rm -f server/db/ServerDatabase.o
rm -f server/features/Features.o
rm -f server/login/LoginPacketHandler.o
rm -f server/login/LoginProcessServerImplementation.o
rm -f server/login/LoginServer.o
rm -f server/login/LoginServerImplementation.o
rm -f server/login/account/Account.o
rm -f server/login/account/AccountImplementation.o
rm -f server/login/account/AccountManager.o
rm -f server/ping/PingServer.o
rm -f server/status/StatusServer.o
rm -f server/web/HttpRequest.o
rm -f server/web/HttpResponse.o
rm -f server/web/WebServer.o
rm -f server/web/mongoose/mongoose.o
rm -f server/web/servlets/Servlet.o
rm -f server/web/servlets/account/AccountServlet.o
rm -f server/web/servlets/admin/AdminServlet.o
rm -f server/web/servlets/character/CharacterServlet.o
rm -f server/web/servlets/login/LoginServlet.o
rm -f server/web/servlets/logs/LogsServlet.o
rm -f server/web/servlets/main/MainServlet.o
rm -f server/web/servlets/permissions/PermissionsServlet.o
rm -f server/web/servlets/resource/ResourceServlet.o
rm -f server/web/session/HttpSession.o
rm -f server/zone/QuadTreeReference.o
rm -f server/zone/Zone.o
rm -f server/zone/ZoneClientSession.o
rm -f server/zone/ZoneClientSessionImplementation.o
rm -f server/zone/ZoneContainerComponent.o
rm -f server/zone/ZoneImplementation.o
rm -f server/zone/ZonePacketHandler.o
rm -f server/zone/ZoneProcessServer.o
rm -f server/zone/ZoneProcessServerImplementation.o
rm -f server/zone/ZoneReference.o
rm -f server/zone/ZoneServer.o
rm -f server/zone/ZoneServerImplementation.o
rm -f server/zone/managers/ZoneManager.o
rm -f server/zone/managers/auction/AuctionManager.o
rm -f server/zone/managers/auction/AuctionManagerImplementation.o
rm -f server/zone/managers/auction/AuctionsMap.o
rm -f server/zone/managers/auction/AuctionsMapImplementation.o
rm -f server/zone/managers/city/CityManager.o
rm -f server/zone/managers/city/CityManagerImplementation.o
rm -f server/zone/managers/collision/CollisionManager.o
rm -f server/zone/managers/collision/PathFinderManager.o
rm -f server/zone/managers/combat/CombatManager.o
rm -f server/zone/managers/combat/CreatureAttackData.o
rm -f server/zone/managers/components/ComponentManager.o
rm -f server/zone/managers/conversation/ConversationManager.o
rm -f server/zone/managers/crafting/CraftingManager.o
rm -f server/zone/managers/crafting/CraftingManagerImplementation.o
rm -f server/zone/managers/crafting/schematicmap/SchematicMap.o
rm -f server/zone/managers/creature/CreatureManager.o
rm -f server/zone/managers/creature/CreatureManagerImplementation.o
rm -f server/zone/managers/creature/CreatureTemplateManager.o
rm -f server/zone/managers/creature/LairObserver.o
rm -f server/zone/managers/creature/LairObserverImplementation.o
rm -f server/zone/managers/creature/SpawnAreaMap.o
rm -f server/zone/managers/customization/CustomizationIdManager.o
rm -f server/zone/managers/director/DirectorManager.o
rm -f server/zone/managers/director/ScreenPlayObserver.o
rm -f server/zone/managers/director/ScreenPlayObserverImplementation.o
rm -f server/zone/managers/faction/FactionManager.o
rm -f server/zone/managers/faction/FactionMap.o
rm -f server/zone/managers/gcw/GCWManager.o
rm -f server/zone/managers/gcw/GCWManagerImplementation.o
rm -f server/zone/managers/group/GroupManager.o
rm -f server/zone/managers/guild/GuildManager.o
rm -f server/zone/managers/guild/GuildManagerImplementation.o
rm -f server/zone/managers/holocron/HolocronManager.o
rm -f server/zone/managers/loot/LootGroupMap.o
rm -f server/zone/managers/loot/LootManager.o
rm -f server/zone/managers/loot/LootManagerImplementation.o
rm -f server/zone/managers/minigames/FishingManager.o
rm -f server/zone/managers/minigames/FishingManagerImplementation.o
rm -f server/zone/managers/minigames/FishingSession.o
rm -f server/zone/managers/minigames/ForageManager.o
rm -f server/zone/managers/minigames/ForageManagerImplementation.o
rm -f server/zone/managers/minigames/GamblingManager.o
rm -f server/zone/managers/minigames/GamblingManagerImplementation.o
rm -f server/zone/managers/minigames/events/ForageCleanupEvent.o
rm -f server/zone/managers/mission/MissionManager.o
rm -f server/zone/managers/mission/MissionManagerImplementation.o
rm -f server/zone/managers/mission/spawnmaps/MissionNpcSpawnMap.o
rm -f server/zone/managers/mission/spawnmaps/NpcSpawnPoint.o
rm -f server/zone/managers/name/NameManager.o
rm -f server/zone/managers/object/ObjectManager.o
rm -f server/zone/managers/object/ObjectVersionUpdateManager.o
rm -f server/zone/managers/objectcontroller/ObjectController.o
rm -f server/zone/managers/objectcontroller/ObjectControllerImplementation.o
rm -f server/zone/managers/objectcontroller/command/CommandConfigManager.o
rm -f server/zone/managers/planet/HeightMap.o
rm -f server/zone/managers/planet/MapLocationEntry.o
rm -f server/zone/managers/planet/MapLocationTable.o
rm -f server/zone/managers/planet/PlanetManager.o
rm -f server/zone/managers/planet/PlanetManagerImplementation.o
rm -f server/zone/managers/player/PermissionLevelList.o
rm -f server/zone/managers/player/PlayerManager.o
rm -f server/zone/managers/player/PlayerManagerImplementation.o
rm -f server/zone/managers/player/creation/PlayerCreationManager.o
rm -f server/zone/managers/radial/RadialManager.o
rm -f server/zone/managers/radial/RadialManagerImplementation.o
rm -f server/zone/managers/resource/ResourceManager.o
rm -f server/zone/managers/resource/ResourceManagerImplementation.o
rm -f server/zone/managers/resource/resourcespawner/ResourceSpawner.o
rm -f server/zone/managers/resource/resourcespawner/resourcemap/ResourceMap.o
rm -f server/zone/managers/resource/resourcespawner/resourcepool/FixedPool.o
rm -f server/zone/managers/resource/resourcespawner/resourcepool/ManualPool.o
rm -f server/zone/managers/resource/resourcespawner/resourcepool/MinimumPool.o
rm -f server/zone/managers/resource/resourcespawner/resourcepool/NativePool.o
rm -f server/zone/managers/resource/resourcespawner/resourcepool/RandomPool.o
rm -f server/zone/managers/resource/resourcespawner/resourcetree/ResourceTree.o
rm -f server/zone/managers/resource/resourcespawner/resourcetree/ResourceTreeNode.o
rm -f server/zone/managers/skill/PerformanceManager.o
rm -f server/zone/managers/skill/SkillManager.o
rm -f server/zone/managers/skill/SkillModManager.o
rm -f server/zone/managers/skill/imagedesign/ImageDesignManager.o
rm -f server/zone/managers/stringid/StringIdManager.o
rm -f server/zone/managers/structure/StructureManager.o
rm -f server/zone/managers/sui/LuaSuiManager.o
rm -f server/zone/managers/sui/SuiManager.o
rm -f server/zone/managers/templates/TemplateManager.o
rm -f server/zone/managers/terrain/TerrainManager.o
rm -f server/zone/managers/vendor/VendorManager.o
rm -f server/zone/managers/vendor/VendorOutfitManager.o
rm -f server/zone/managers/visibility/VisibilityManager.o
rm -f server/zone/managers/weather/WeatherManager.o
rm -f server/zone/managers/weather/WeatherManagerImplementation.o
rm -f server/zone/objects/area/ActiveArea.o
rm -f server/zone/objects/area/ActiveAreaImplementation.o
rm -f server/zone/objects/area/BadgeActiveArea.o
rm -f server/zone/objects/area/CampSiteActiveArea.o
rm -f server/zone/objects/area/CampSiteActiveAreaImplementation.o
rm -f server/zone/objects/area/CampSiteObserver.o
rm -f server/zone/objects/area/DynamicSpawnArea.o
rm -f server/zone/objects/area/DynamicSpawnAreaImplementation.o
rm -f server/zone/objects/area/FsVillageArea.o
rm -f server/zone/objects/area/FsVillageAreaImplementation.o
rm -f server/zone/objects/area/GarageArea.o
rm -f server/zone/objects/area/LairSpawnArea.o
rm -f server/zone/objects/area/LairSpawnAreaImplementation.o
rm -f server/zone/objects/area/LuaActiveArea.o
rm -f server/zone/objects/area/MissionReconActiveArea.o
rm -f server/zone/objects/area/MissionSpawnActiveArea.o
rm -f server/zone/objects/area/SpawnArea.o
rm -f server/zone/objects/area/SpawnAreaImplementation.o
rm -f server/zone/objects/area/SpawnObserver.o
rm -f server/zone/objects/area/StaticSpawnArea.o
rm -f server/zone/objects/area/StaticSpawnAreaImplementation.o
rm -f server/zone/objects/area/areashapes/AreaShape.o
rm -f server/zone/objects/area/areashapes/AreaShapeImplementation.o
rm -f server/zone/objects/area/areashapes/CircularAreaShape.o
rm -f server/zone/objects/area/areashapes/CircularAreaShapeImplementation.o
rm -f server/zone/objects/area/areashapes/RectangularAreaShape.o
rm -f server/zone/objects/area/areashapes/RectangularAreaShapeImplementation.o
rm -f server/zone/objects/auction/AuctionItem.o
rm -f server/zone/objects/auction/AuctionItemImplementation.o
rm -f server/zone/objects/building/BuildingObject.o
rm -f server/zone/objects/building/BuildingObjectImplementation.o
rm -f server/zone/objects/building/LuaBuildingObject.o
rm -f server/zone/objects/building/components/CityHallZoneComponent.o
rm -f server/zone/objects/building/components/DestructibleBuildingDataComponent.o
rm -f server/zone/objects/building/components/GCWBaseContainerComponent.o
rm -f server/zone/objects/building/components/ShuttleZoneComponent.o
rm -f server/zone/objects/building/hospital/HospitalBuildingObject.o
rm -f server/zone/objects/building/recreation/RecreationBuildingObject.o
rm -f server/zone/objects/building/travel/TravelBuildingObject.o
rm -f server/zone/objects/building/tutorial/TutorialBuildingObject.o
rm -f server/zone/objects/building/tutorial/TutorialBuildingObjectImplementation.o
rm -f server/zone/objects/cell/CellObject.o
rm -f server/zone/objects/cell/CellObjectImplementation.o
rm -f server/zone/objects/creature/AiAgent.o
rm -f server/zone/objects/creature/AiAgentImplementation.o
rm -f server/zone/objects/creature/Creature.o
rm -f server/zone/objects/creature/CreatureImplementation.o
rm -f server/zone/objects/creature/CreatureObject.o
rm -f server/zone/objects/creature/CreatureObjectImplementation.o
rm -f server/zone/objects/creature/LuaAiAgent.o
rm -f server/zone/objects/creature/LuaCreatureObject.o
rm -f server/zone/objects/creature/NonPlayerCreatureObject.o
rm -f server/zone/objects/creature/NonPlayerCreatureObjectImplementation.o
rm -f server/zone/objects/creature/VehicleObject.o
rm -f server/zone/objects/creature/VehicleObjectImplementation.o
rm -f server/zone/objects/creature/ai/AiActor.o
rm -f server/zone/objects/creature/ai/AiActorImplementation.o
rm -f server/zone/objects/creature/ai/components/AiStateComponent.o
rm -f server/zone/objects/creature/aigroup/AiGroup.o
rm -f server/zone/objects/creature/aigroup/AiGroupImplementation.o
rm -f server/zone/objects/creature/aigroup/AiGroupObserver.o
rm -f server/zone/objects/creature/aigroup/HerdGroup.o
rm -f server/zone/objects/creature/aigroup/HerdGroupImplementation.o
rm -f server/zone/objects/creature/aigroup/LairGroup.o
rm -f server/zone/objects/creature/aigroup/LairGroupImplementation.o
rm -f server/zone/objects/creature/aigroup/PackGroup.o
rm -f server/zone/objects/creature/aigroup/PackGroupImplementation.o
rm -f server/zone/objects/creature/buffs/Buff.o
rm -f server/zone/objects/creature/buffs/BuffImplementation.o
rm -f server/zone/objects/creature/buffs/BuffList.o
rm -f server/zone/objects/creature/buffs/DelayedBuff.o
rm -f server/zone/objects/creature/buffs/DurationBuff.o
rm -f server/zone/objects/creature/buffs/PerformanceBuff.o
rm -f server/zone/objects/creature/buffs/PerformanceBuffImplementation.o
rm -f server/zone/objects/creature/buffs/PowerBoostBuff.o
rm -f server/zone/objects/creature/buffs/PowerBoostBuffImplementation.o
rm -f server/zone/objects/creature/buffs/SingleUseBuff.o
rm -f server/zone/objects/creature/buffs/SingleUseBuffObserver.o
rm -f server/zone/objects/creature/buffs/SingleUseBuffObserverImplementation.o
rm -f server/zone/objects/creature/buffs/SpiceBuff.o
rm -f server/zone/objects/creature/buffs/SpiceBuffImplementation.o
rm -f server/zone/objects/creature/buffs/SpiceDownerBuff.o
rm -f server/zone/objects/creature/buffs/StateBuff.o
rm -f server/zone/objects/creature/commands/QueueCommand.o
rm -f server/zone/objects/creature/components/TrainerMenuComponent.o
rm -f server/zone/objects/creature/conversation/ConversationObserver.o
rm -f server/zone/objects/creature/conversation/ConversationObserverImplementation.o
rm -f server/zone/objects/creature/conversation/DeliverMissionConversationObserver.o
rm -f server/zone/objects/creature/conversation/DeliverMissionConversationObserverImplementation.o
rm -f server/zone/objects/creature/conversation/InformantMissionConversationObserver.o
rm -f server/zone/objects/creature/conversation/InformantMissionConversationObserverImplementation.o
rm -f server/zone/objects/creature/conversation/LuaConversationObserver.o
rm -f server/zone/objects/creature/conversation/TrainerConversationObserver.o
rm -f server/zone/objects/creature/conversation/TrainerConversationObserverImplementation.o
rm -f server/zone/objects/creature/conversation/screenhandlers/DeliverMissionScreenHandler.o
rm -f server/zone/objects/creature/conversation/screenhandlers/InformantMissionScreenHandler.o
rm -f server/zone/objects/creature/conversation/screenhandlers/TrainerScreenHandlers.o
rm -f server/zone/objects/creature/damageovertime/DamageOverTime.o
rm -f server/zone/objects/creature/damageovertime/DamageOverTimeList.o
rm -f server/zone/objects/creature/junkdealer/JunkdealerCreature.o
rm -f server/zone/objects/creature/junkdealer/JunkdealerCreatureImplementation.o
rm -f server/zone/objects/creature/variables/CommandQueueAction.o
rm -f server/zone/objects/creature/variables/CreatureTemplateReference.o
rm -f server/zone/objects/creature/variables/SkillList.o
rm -f server/zone/objects/draftschematic/DraftSchematic.o
rm -f server/zone/objects/draftschematic/DraftSchematicImplementation.o
rm -f server/zone/objects/factorycrate/FactoryCrate.o
rm -f server/zone/objects/factorycrate/FactoryCrateImplementation.o
rm -f server/zone/objects/group/GroupObject.o
rm -f server/zone/objects/group/GroupObjectImplementation.o
rm -f server/zone/objects/guild/GuildMemberInfo.o
rm -f server/zone/objects/guild/GuildObject.o
rm -f server/zone/objects/guild/GuildObjectImplementation.o
rm -f server/zone/objects/installation/InstallationObject.o
rm -f server/zone/objects/installation/InstallationObjectImplementation.o
rm -f server/zone/objects/installation/components/DetectorZoneComponent.o
rm -f server/zone/objects/installation/components/FactoryObjectMenuComponent.o
rm -f server/zone/objects/installation/components/InstallationObjectMenuComponent.o
rm -f server/zone/objects/installation/components/MinefieldContainerComponent.o
rm -f server/zone/objects/installation/components/MinefieldMenuComponent.o
rm -f server/zone/objects/installation/components/MinefieldZoneComponent.o
rm -f server/zone/objects/installation/components/ShuttleInstallationZoneComponent.o
rm -f server/zone/objects/installation/components/TurretDataComponent.o
rm -f server/zone/objects/installation/components/TurretObserver.o
rm -f server/zone/objects/installation/components/TurretObserverImplementation.o
rm -f server/zone/objects/installation/components/TurretZoneComponent.o
rm -f server/zone/objects/installation/factory/FactoryHopperObserver.o
rm -f server/zone/objects/installation/factory/FactoryObject.o
rm -f server/zone/objects/installation/factory/FactoryObjectImplementation.o
rm -f server/zone/objects/installation/garage/GarageInstallation.o
rm -f server/zone/objects/installation/garage/GarageInstallationImplementation.o
rm -f server/zone/objects/installation/generator/GeneratorObject.o
rm -f server/zone/objects/installation/generator/GeneratorObjectImplementation.o
rm -f server/zone/objects/installation/harvester/HarvesterObject.o
rm -f server/zone/objects/installation/harvester/HarvesterObjectImplementation.o
rm -f server/zone/objects/installation/shuttle/ShuttleInstallation.o
rm -f server/zone/objects/installation/shuttle/ShuttleInstallationImplementation.o
rm -f server/zone/objects/intangible/ControlDevice.o
rm -f server/zone/objects/intangible/IntangibleObject.o
rm -f server/zone/objects/intangible/IntangibleObjectImplementation.o
rm -f server/zone/objects/intangible/LuaIntangibleObject.o
rm -f server/zone/objects/intangible/ShipControlDevice.o
rm -f server/zone/objects/intangible/ShipControlDeviceImplementation.o
rm -f server/zone/objects/intangible/VehicleControlDevice.o
rm -f server/zone/objects/intangible/VehicleControlDeviceImplementation.o
rm -f server/zone/objects/intangible/VehicleControlObserver.o
rm -f server/zone/objects/manufactureschematic/ManufactureSchematic.o
rm -f server/zone/objects/manufactureschematic/ManufactureSchematicImplementation.o
rm -f server/zone/objects/manufactureschematic/craftingvalues/CraftingValues.o
rm -f server/zone/objects/manufactureschematic/factoryblueprint/BlueprintEntry.o
rm -f server/zone/objects/manufactureschematic/factoryblueprint/FactoryBlueprint.o
rm -f server/zone/objects/mission/BountyMissionObjective.o
rm -f server/zone/objects/mission/BountyMissionObjectiveImplementation.o
rm -f server/zone/objects/mission/CraftingMissionObjective.o
rm -f server/zone/objects/mission/CraftingMissionObjectiveImplementation.o
rm -f server/zone/objects/mission/DeliverMissionObjective.o
rm -f server/zone/objects/mission/DeliverMissionObjectiveImplementation.o
rm -f server/zone/objects/mission/DestroyMissionObjective.o
rm -f server/zone/objects/mission/DestroyMissionObjectiveImplementation.o
rm -f server/zone/objects/mission/EntertainerMissionObjective.o
rm -f server/zone/objects/mission/EntertainerMissionObjectiveImplementation.o
rm -f server/zone/objects/mission/HuntingMissionObjective.o
rm -f server/zone/objects/mission/HuntingMissionObjectiveImplementation.o
rm -f server/zone/objects/mission/MissionObject.o
rm -f server/zone/objects/mission/MissionObjectImplementation.o
rm -f server/zone/objects/mission/MissionObjective.o
rm -f server/zone/objects/mission/MissionObjectiveImplementation.o
rm -f server/zone/objects/mission/MissionObserver.o
rm -f server/zone/objects/mission/MissionObserverImplementation.o
rm -f server/zone/objects/mission/ReconMissionObjective.o
rm -f server/zone/objects/mission/ReconMissionObjectiveImplementation.o
rm -f server/zone/objects/mission/SurveyMissionObjective.o
rm -f server/zone/objects/mission/SurveyMissionObjectiveImplementation.o
rm -f server/zone/objects/mission/bountyhunter/BountyHunterDroid.o
rm -f server/zone/objects/player/EntertainingObserver.o
rm -f server/zone/objects/player/LuaPlayerObject.o
rm -f server/zone/objects/player/PlayerObject.o
rm -f server/zone/objects/player/PlayerObjectImplementation.o
rm -f server/zone/objects/player/ValidatedPosition.o
rm -f server/zone/objects/player/badges/Badge.o
rm -f server/zone/objects/player/components/PlayerContainerComponent.o
rm -f server/zone/objects/player/components/PlayerObjectMenuComponent.o
rm -f server/zone/objects/player/components/PlayerZoneComponent.o
rm -f server/zone/objects/player/sessions/CityRemoveMilitiaSession.o
rm -f server/zone/objects/player/sessions/CityRemoveMilitiaSessionImplementation.o
rm -f server/zone/objects/player/sessions/CitySpecializationSession.o
rm -f server/zone/objects/player/sessions/CitySpecializationSessionImplementation.o
rm -f server/zone/objects/player/sessions/CityTreasuryWithdrawalSession.o
rm -f server/zone/objects/player/sessions/CityTreasuryWithdrawalSessionImplementation.o
rm -f server/zone/objects/player/sessions/ConversationSession.o
rm -f server/zone/objects/player/sessions/DestroyStructureSession.o
rm -f server/zone/objects/player/sessions/DestroyStructureSessionImplementation.o
rm -f server/zone/objects/player/sessions/EntertainingSession.o
rm -f server/zone/objects/player/sessions/EntertainingSessionImplementation.o
rm -f server/zone/objects/player/sessions/FindSession.o
rm -f server/zone/objects/player/sessions/FindSessionImplementation.o
rm -f server/zone/objects/player/sessions/ImageDesignPositionObserver.o
rm -f server/zone/objects/player/sessions/ImageDesignPositionObserverImplementation.o
rm -f server/zone/objects/player/sessions/ImageDesignSession.o
rm -f server/zone/objects/player/sessions/ImageDesignSessionImplementation.o
rm -f server/zone/objects/player/sessions/LuaConversationSession.o
rm -f server/zone/objects/player/sessions/MigrateStatsSession.o
rm -f server/zone/objects/player/sessions/PlaceStructureSession.o
rm -f server/zone/objects/player/sessions/PlaceStructureSessionImplementation.o
rm -f server/zone/objects/player/sessions/SlicingSession.o
rm -f server/zone/objects/player/sessions/SlicingSessionImplementation.o
rm -f server/zone/objects/player/sessions/StructureSetAccessFeeSession.o
rm -f server/zone/objects/player/sessions/StructureSetAccessFeeSessionImplementation.o
rm -f server/zone/objects/player/sessions/TradeSession.o
rm -f server/zone/objects/player/sessions/TrainerConversationSession.o
rm -f server/zone/objects/player/sessions/TrainerConversationSessionImplementation.o
rm -f server/zone/objects/player/sessions/admin/PlayerManagementSession.o
rm -f server/zone/objects/player/sessions/admin/PlayerManagementSessionImplementation.o
rm -f server/zone/objects/player/sessions/crafting/CraftingSession.o
rm -f server/zone/objects/player/sessions/crafting/CraftingSessionImplementation.o
rm -f server/zone/objects/player/sessions/survey/SurveySession.o
rm -f server/zone/objects/player/sessions/survey/SurveySessionImplementation.o
rm -f server/zone/objects/player/sessions/vendor/CreateVendorSession.o
rm -f server/zone/objects/player/sessions/vendor/CreateVendorSessionImplementation.o
rm -f server/zone/objects/player/sessions/vendor/VendorAdBarkingSession.o
rm -f server/zone/objects/player/sessions/vendor/VendorAdBarkingSessionImplementation.o
rm -f server/zone/objects/player/sui/LuaSuiBox.o
rm -f server/zone/objects/player/sui/SuiBox.o
rm -f server/zone/objects/player/sui/SuiBoxImplementation.o
rm -f server/zone/objects/player/sui/banktransferbox/SuiBankTransferBox.o
rm -f server/zone/objects/player/sui/banktransferbox/SuiBankTransferBoxImplementation.o
rm -f server/zone/objects/player/sui/callbacks/CityManageMilitiaSuiCallback.o
rm -f server/zone/objects/player/sui/callbacks/DelegateSuiCallback.o
rm -f server/zone/objects/player/sui/callbacks/LuaSuiCallback.o
rm -f server/zone/objects/player/sui/characterbuilderbox/SuiCharacterBuilderBox.o
rm -f server/zone/objects/player/sui/characterbuilderbox/SuiCharacterBuilderBoxImplementation.o
rm -f server/zone/objects/player/sui/colorbox/SuiColorBox.o
rm -f server/zone/objects/player/sui/colorbox/SuiColorBoxImplementation.o
rm -f server/zone/objects/player/sui/inputbox/SuiInputBox.o
rm -f server/zone/objects/player/sui/inputbox/SuiInputBoxImplementation.o
rm -f server/zone/objects/player/sui/keypadbox/SuiKeypadBox.o
rm -f server/zone/objects/player/sui/keypadbox/SuiKeypadBoxImplementation.o
rm -f server/zone/objects/player/sui/listbox/SuiListBox.o
rm -f server/zone/objects/player/sui/listbox/SuiListBoxImplementation.o
rm -f server/zone/objects/player/sui/listbox/SuiListBoxMenuItem.o
rm -f server/zone/objects/player/sui/messagebox/SuiMessageBox.o
rm -f server/zone/objects/player/sui/messagebox/SuiMessageBoxImplementation.o
rm -f server/zone/objects/player/sui/slotmachinebox/SuiSlotMachineBox.o
rm -f server/zone/objects/player/sui/transferbox/SuiTransferBox.o
rm -f server/zone/objects/player/sui/transferbox/SuiTransferBoxImplementation.o
rm -f server/zone/objects/player/variables/AbilityList.o
rm -f server/zone/objects/player/variables/SchematicList.o
rm -f server/zone/objects/region/CityRegion.o
rm -f server/zone/objects/region/CityRegionImplementation.o
rm -f server/zone/objects/region/Region.o
rm -f server/zone/objects/region/RegionImplementation.o
rm -f server/zone/objects/region/components/CityManagementMenuComponent.o
rm -f server/zone/objects/region/components/CityVotingMenuComponent.o
rm -f server/zone/objects/region/events/CityUpdateEvent.o
rm -f server/zone/objects/resource/ResourceContainer.o
rm -f server/zone/objects/resource/ResourceContainerImplementation.o
rm -f server/zone/objects/resource/ResourceSpawn.o
rm -f server/zone/objects/resource/ResourceSpawnImplementation.o
rm -f server/zone/objects/resource/simplexnoise/SimplexNoise.o
rm -f server/zone/objects/scene/LuaSceneObject.o
rm -f server/zone/objects/scene/SceneObject.o
rm -f server/zone/objects/scene/SceneObjectImplementation.o
rm -f server/zone/objects/scene/WorldCoordinates.o
rm -f server/zone/objects/scene/components/AttributeListComponent.o
rm -f server/zone/objects/scene/components/ContainerComponent.o
rm -f server/zone/objects/scene/components/DataObjectComponent.o
rm -f server/zone/objects/scene/components/DataObjectComponentReference.o
rm -f server/zone/objects/scene/components/LuaContainerComponent.o
rm -f server/zone/objects/scene/components/LuaObjectMenuComponent.o
rm -f server/zone/objects/scene/components/LuaObjectMenuResponse.o
rm -f server/zone/objects/scene/components/ObjectMenuComponent.o
rm -f server/zone/objects/scene/components/ZoneComponent.o
rm -f server/zone/objects/scene/variables/ContainerObjectsMap.o
rm -f server/zone/objects/scene/variables/ContainerPermissions.o
rm -f server/zone/objects/scene/variables/CustomizationVariables.o
rm -f server/zone/objects/scene/variables/StringId.o
rm -f server/zone/objects/scene/variables/StringIdParameter.o
rm -f server/zone/objects/ship/FighterShipObject.o
rm -f server/zone/objects/ship/FighterShipObjectImplementation.o
rm -f server/zone/objects/ship/ShipObject.o
rm -f server/zone/objects/ship/ShipObjectImplementation.o
rm -f server/zone/objects/ship/SpaceStationObject.o
rm -f server/zone/objects/ship/SpaceStationObjectImplementation.o
rm -f server/zone/objects/staticobject/StaticObject.o
rm -f server/zone/objects/staticobject/StaticObjectImplementation.o
rm -f server/zone/objects/structure/StructureObject.o
rm -f server/zone/objects/structure/StructureObjectImplementation.o
rm -f server/zone/objects/structure/StructurePermissionList.o
rm -f server/zone/objects/structure/components/StructureContainerComponent.o
rm -f server/zone/objects/structure/components/StructureZoneComponent.o
rm -f server/zone/objects/structure/events/StructureMaintenanceTask.o
rm -f server/zone/objects/tangible/Container.o
rm -f server/zone/objects/tangible/ContainerImplementation.o
rm -f server/zone/objects/tangible/Instrument.o
rm -f server/zone/objects/tangible/InstrumentImplementation.o
rm -f server/zone/objects/tangible/InstrumentObserver.o
rm -f server/zone/objects/tangible/InstrumentObserverImplementation.o
rm -f server/zone/objects/tangible/LuaTangibleObject.o
rm -f server/zone/objects/tangible/TangibleObject.o
rm -f server/zone/objects/tangible/TangibleObjectImplementation.o
rm -f server/zone/objects/tangible/attachment/Attachment.o
rm -f server/zone/objects/tangible/attachment/AttachmentImplementation.o
rm -f server/zone/objects/tangible/component/Component.o
rm -f server/zone/objects/tangible/component/ComponentImplementation.o
rm -f server/zone/objects/tangible/component/armor/ArmorComponent.o
rm -f server/zone/objects/tangible/component/armor/ArmorComponentImplementation.o
rm -f server/zone/objects/tangible/component/lightsaber/LightsaberCrystalComponent.o
rm -f server/zone/objects/tangible/component/lightsaber/LightsaberCrystalComponentImplementation.o
rm -f server/zone/objects/tangible/components/ArmorObjectMenuComponent.o
rm -f server/zone/objects/tangible/components/BankTerminalMenuComponent.o
rm -f server/zone/objects/tangible/components/BountyHunterDroidMenuComponent.o
rm -f server/zone/objects/tangible/components/CampKitMenuComponent.o
rm -f server/zone/objects/tangible/components/CampTerminalMenuComponent.o
rm -f server/zone/objects/tangible/components/CloningTerminalMenuComponent.o
rm -f server/zone/objects/tangible/components/ContainerObjectComponent.o
rm -f server/zone/objects/tangible/components/ElevatorDownMenuComponent.o
rm -f server/zone/objects/tangible/components/ElevatorMenuComponent.o
rm -f server/zone/objects/tangible/components/ElevatorUpMenuComponent.o
rm -f server/zone/objects/tangible/components/FireHeavyWeaponMenuComponent.o
rm -f server/zone/objects/tangible/components/ForceShrineMenuComponent.o
rm -f server/zone/objects/tangible/components/GogglesObjectMenuComponent.o
rm -f server/zone/objects/tangible/components/HologrindHolocronMenuComponent.o
rm -f server/zone/objects/tangible/components/InsuranceTerminalMenuComponent.o
rm -f server/zone/objects/tangible/components/LairMenuComponent.o
rm -f server/zone/objects/tangible/components/LightsaberObjectMenuComponent.o
rm -f server/zone/objects/tangible/components/LootContainerComponent.o
rm -f server/zone/objects/tangible/components/PlaceableLootContainerComponent.o
rm -f server/zone/objects/tangible/components/RobeObjectMenuComponent.o
rm -f server/zone/objects/tangible/components/SaberInventoryContainerComponent.o
rm -f server/zone/objects/tangible/components/TangibleObjectMenuComponent.o
rm -f server/zone/objects/tangible/components/ThrowGrenadeMenuComponent.o
rm -f server/zone/objects/tangible/components/TrapMenuComponent.o
rm -f server/zone/objects/tangible/components/VillageHolocronMenuComponent.o
rm -f server/zone/objects/tangible/components/WeaponObjectMenuComponent.o
rm -f server/zone/objects/tangible/components/WearableObjectMenuComponent.o
rm -f server/zone/objects/tangible/components/generic/ArtCrateMenuComponent.o
rm -f server/zone/objects/tangible/components/generic/CreatureHabitatMenuComponent.o
rm -f server/zone/objects/tangible/components/generic/DiceMenuComponent.o
rm -f server/zone/objects/tangible/components/generic/LootSchematicMenuComponent.o
rm -f server/zone/objects/tangible/components/generic/ShellfishHarvesterMenuComponent.o
rm -f server/zone/objects/tangible/components/vendor/VendorContainerComponent.o
rm -f server/zone/objects/tangible/components/vendor/VendorDataComponent.o
rm -f server/zone/objects/tangible/components/vendor/VendorMenuComponent.o
rm -f server/zone/objects/tangible/consumable/Consumable.o
rm -f server/zone/objects/tangible/consumable/ConsumableImplementation.o
rm -f server/zone/objects/tangible/consumable/DelayedBuffObserver.o
rm -f server/zone/objects/tangible/consumable/DelayedBuffObserverImplementation.o
rm -f server/zone/objects/tangible/consumable/Drink.o
rm -f server/zone/objects/tangible/consumable/Food.o
rm -f server/zone/objects/tangible/deed/Deed.o
rm -f server/zone/objects/tangible/deed/DeedImplementation.o
rm -f server/zone/objects/tangible/deed/components/PlaceCityHallComponent.o
rm -f server/zone/objects/tangible/deed/components/PlaceDecorationComponent.o
rm -f server/zone/objects/tangible/deed/components/PlaceGCWBaseComponent.o
rm -f server/zone/objects/tangible/deed/components/PlaceStructureComponent.o
rm -f server/zone/objects/tangible/deed/resource/ResourceDeed.o
rm -f server/zone/objects/tangible/deed/resource/ResourceDeedImplementation.o
rm -f server/zone/objects/tangible/deed/structure/StructureDeed.o
rm -f server/zone/objects/tangible/deed/structure/StructureDeedImplementation.o
rm -f server/zone/objects/tangible/deed/vehicle/VehicleDeed.o
rm -f server/zone/objects/tangible/deed/vehicle/VehicleDeedImplementation.o
rm -f server/zone/objects/tangible/firework/FireworkObject.o
rm -f server/zone/objects/tangible/firework/FireworkObjectImplementation.o
rm -f server/zone/objects/tangible/firework/components/FireworkMenuComponent.o
rm -f server/zone/objects/tangible/firework/components/FireworkShowMenuComponent.o
rm -f server/zone/objects/tangible/fishing/FishObject.o
rm -f server/zone/objects/tangible/fishing/FishObjectImplementation.o
rm -f server/zone/objects/tangible/fishing/FishingBaitObject.o
rm -f server/zone/objects/tangible/fishing/FishingBaitObjectImplementation.o
rm -f server/zone/objects/tangible/fishing/FishingPoleObject.o
rm -f server/zone/objects/tangible/fishing/FishingPoleObjectImplementation.o
rm -f server/zone/objects/tangible/loot/LootkitObject.o
rm -f server/zone/objects/tangible/loot/LootkitObjectImplementation.o
rm -f server/zone/objects/tangible/pharmaceutical/CurePack.o
rm -f server/zone/objects/tangible/pharmaceutical/DotPack.o
rm -f server/zone/objects/tangible/pharmaceutical/EnhancePack.o
rm -f server/zone/objects/tangible/pharmaceutical/PharmaceuticalObject.o
rm -f server/zone/objects/tangible/pharmaceutical/RangedStimPack.o
rm -f server/zone/objects/tangible/pharmaceutical/RevivePack.o
rm -f server/zone/objects/tangible/pharmaceutical/StatePack.o
rm -f server/zone/objects/tangible/pharmaceutical/StimPack.o
rm -f server/zone/objects/tangible/pharmaceutical/WoundPack.o
rm -f server/zone/objects/tangible/powerup/PowerupObject.o
rm -f server/zone/objects/tangible/powerup/PowerupObjectImplementation.o
rm -f server/zone/objects/tangible/sign/SignObject.o
rm -f server/zone/objects/tangible/sign/SignObjectImplementation.o
rm -f server/zone/objects/tangible/terminal/Terminal.o
rm -f server/zone/objects/tangible/terminal/TerminalImplementation.o
rm -f server/zone/objects/tangible/terminal/characterbuilder/CharacterBuilderTerminal.o
rm -f server/zone/objects/tangible/terminal/characterbuilder/CharacterBuilderTerminalImplementation.o
rm -f server/zone/objects/tangible/terminal/components/HQMenuComponent.o
rm -f server/zone/objects/tangible/terminal/components/OverrideTerminalMenuComponent.o
rm -f server/zone/objects/tangible/terminal/components/PowerRegulatorMenuComponent.o
rm -f server/zone/objects/tangible/terminal/components/SecurityTerminalMenuComponent.o
rm -f server/zone/objects/tangible/terminal/components/StructureTerminalMenuComponent.o
rm -f server/zone/objects/tangible/terminal/components/TurretControlMenuComponent.o
rm -f server/zone/objects/tangible/terminal/components/UplinkTerminalMenuComponent.o
rm -f server/zone/objects/tangible/terminal/gambling/GamblingTerminal.o
rm -f server/zone/objects/tangible/terminal/gambling/GamblingTerminalImplementation.o
rm -f server/zone/objects/tangible/terminal/guild/GuildTerminal.o
rm -f server/zone/objects/tangible/terminal/guild/GuildTerminalImplementation.o
rm -f server/zone/objects/tangible/terminal/mission/MissionTerminal.o
rm -f server/zone/objects/tangible/terminal/mission/MissionTerminalImplementation.o
rm -f server/zone/objects/tangible/terminal/spaceship/SpaceshipTerminal.o
rm -f server/zone/objects/tangible/terminal/spaceship/SpaceshipTerminalImplementation.o
rm -f server/zone/objects/tangible/terminal/startinglocation/StartingLocationTerminal.o
rm -f server/zone/objects/tangible/terminal/startinglocation/StartingLocationTerminalImplementation.o
rm -f server/zone/objects/tangible/terminal/ticketcollector/TicketCollector.o
rm -f server/zone/objects/tangible/terminal/ticketcollector/TicketCollectorImplementation.o
rm -f server/zone/objects/tangible/terminal/travel/TravelTerminal.o
rm -f server/zone/objects/tangible/terminal/travel/TravelTerminalImplementation.o
rm -f server/zone/objects/tangible/threat/ThreatMap.o
rm -f server/zone/objects/tangible/threat/ThreatMapObserver.o
rm -f server/zone/objects/tangible/threat/ThreatMapObserverImplementation.o
rm -f server/zone/objects/tangible/threat/ThreatMatrix.o
rm -f server/zone/objects/tangible/ticket/TicketObject.o
rm -f server/zone/objects/tangible/ticket/TicketObjectImplementation.o
rm -f server/zone/objects/tangible/tool/CraftingStation.o
rm -f server/zone/objects/tangible/tool/CraftingStationImplementation.o
rm -f server/zone/objects/tangible/tool/CraftingTool.o
rm -f server/zone/objects/tangible/tool/CraftingToolImplementation.o
rm -f server/zone/objects/tangible/tool/SurveyTool.o
rm -f server/zone/objects/tangible/tool/SurveyToolImplementation.o
rm -f server/zone/objects/tangible/tool/ToolTangibleObject.o
rm -f server/zone/objects/tangible/tool/recycle/RecycleTool.o
rm -f server/zone/objects/tangible/tool/recycle/RecycleToolImplementation.o
rm -f server/zone/objects/tangible/tool/repair/RepairTool.o
rm -f server/zone/objects/tangible/tool/repair/RepairToolImplementation.o
rm -f server/zone/objects/tangible/tool/smuggler/PrecisionLaserKnife.o
rm -f server/zone/objects/tangible/tool/smuggler/PrecisionLaserKnifeImplementation.o
rm -f server/zone/objects/tangible/tool/smuggler/SlicingTool.o
rm -f server/zone/objects/tangible/tool/smuggler/SlicingToolImplementation.o
rm -f server/zone/objects/tangible/weapon/WeaponObject.o
rm -f server/zone/objects/tangible/weapon/WeaponObjectImplementation.o
rm -f server/zone/objects/tangible/wearables/ArmorObject.o
rm -f server/zone/objects/tangible/wearables/ArmorObjectImplementation.o
rm -f server/zone/objects/tangible/wearables/ClothingObject.o
rm -f server/zone/objects/tangible/wearables/PsgArmorObject.o
rm -f server/zone/objects/tangible/wearables/PsgArmorObjectImplementation.o
rm -f server/zone/objects/tangible/wearables/RobeObject.o
rm -f server/zone/objects/tangible/wearables/WearableContainerObject.o
rm -f server/zone/objects/tangible/wearables/WearableContainerObjectImplementation.o
rm -f server/zone/objects/tangible/wearables/WearableObject.o
rm -f server/zone/objects/tangible/wearables/WearableObjectImplementation.o
rm -f server/zone/objects/terrain/MapFractal.o
rm -f server/zone/objects/terrain/ProceduralTerrainAppearance.o
rm -f server/zone/objects/terrain/TerrainGenerator.o
rm -f server/zone/objects/terrain/layer/Layer.o
rm -f server/zone/objects/terrain/layer/affectors/AffectorHeightFractal.o
rm -f server/zone/objects/terrain/layer/filters/FilterFractal.o
rm -f server/zone/objects/waypoint/WaypointObject.o
rm -f server/zone/objects/waypoint/WaypointObjectImplementation.o
rm -f server/zone/packets/charcreation/ClientCreateCharacterCallback.o
rm -f server/zone/packets/object/ObjectControllerMessageCallback.o
rm -f server/zone/templates/SharedObjectTemplate.o
rm -f server/zone/templates/SharedTangibleObjectTemplate.o
rm -f server/zone/templates/appearance/DetailAppearanceTemplate.o
rm -f server/zone/templates/appearance/FloorMesh.o
rm -f server/zone/templates/appearance/MeshAppearanceTemplate.o
rm -f server/zone/templates/appearance/PathGraph.o
rm -f server/zone/templates/appearance/PortalLayout.o
rm -f server/zone/templates/customization/AssetCustomizationManagerTemplate.o
rm -f server/zone/templates/datatables/DataTableCell.o
rm -f server/zone/templates/datatables/DataTableIff.o
rm -f server/zone/templates/faction/FactionRanks.o
rm -f server/zone/templates/intangible/DraftSchematicObjectTemplate.o
rm -f server/zone/templates/mobile/CreatureTemplate.o
rm -f server/zone/templates/mobile/LuaConversationScreen.o
rm -f server/zone/templates/mobile/LuaConversationTemplate.o
rm -f server/zone/templates/params/PaletteColorCustomizationVariables.o
rm -f server/zone/templates/params/RangedIntCustomizationVariables.o
rm -f server/zone/templates/snapshot/WorldSnapshotIff.o
rm -f server/zone/templates/string/StringFile.o
rm -f server/zone/templates/tangible/CampStructureTemplate.o
rm -f server/zone/templates/tangible/PlayerCreatureTemplate.o
rm -f server/zone/templates/tangible/SharedBuildingObjectTemplate.o
rm -f server/zone/templates/tangible/SharedCreatureObjectTemplate.o
rm -f server/zone/templates/tangible/SharedStructureObjectTemplate.o
rm -f server/zone/templates/tangible/SharedWeaponObjectTemplate.o
rm -f tre3/TreeFile.o
make[2]: Leaving directory `/home/swgemu/workspace/Core3/MMOCoreORB/build/unix/src'
Making clean in .
make[2]: Entering directory `/home/swgemu/workspace/Core3/MMOCoreORB/build/unix'
make[2]: Nothing to be done for `clean-am'.
make[2]: Leaving directory `/home/swgemu/workspace/Core3/MMOCoreORB/build/unix'
make[1]: Leaving directory `/home/swgemu/workspace/Core3/MMOCoreORB/build/unix'
#cd build/unix/src && rm *
#cd build/unix/src/.deps && rm *
#done
